
                                      ARENA Simulation Results
                               hthakur22@gmail.com - License: STUDENT

                                  Summary for Replication 0 of 1

Project: Unnamed Project                                             Run execution date : 6/26/2019
Analyst: hthakur22@gmail.com                                         Model revision date: 6/26/2019

Replication ended at time      : 0.0 Minutes 
Base Time Units: Minutes

                                           TALLY VARIABLES

Identifier                                  Average   Half Width  Minimum    Maximum   Observations
___________________________________________________________________________________________________

Entity 1.VATime                                 --         --         --         --          0
Entity 1.NVATime                                --         --         --         --          0
Entity 1.WaitTime                               --         --         --         --          0
Entity 1.TranTime                               --         --         --         --          0
Entity 1.OtherTime                              --         --         --         --          0
Entity 1.TotalTime                              --         --         --         --          0
Station3.Queue.WaitingTime                      --         --         --         --          0
Station2.Queue.WaitingTime                      --         --         --         --          0
Station1.Queue.WaitingTime                      --         --         --         --          0
Station4.Queue.WaitingTime                      --         --         --         --          0

                                     DISCRETE-CHANGE VARIABLES

Identifier                                  Average   Half Width  Minimum    Maximum   Final Value
___________________________________________________________________________________________________

Entity 1.WIP                                .00000     (Insuf)    .00000     .00000     .00000    
Resource 3.NumberBusy                       .00000     (Insuf)    .00000     .00000     .00000    
Resource 3.NumberScheduled                  .00000     (Insuf)    .00000     .00000     .00000    
Resource 3.Utilization                      .00000     (Insuf)    .00000     .00000     .00000    
Resource 2.NumberBusy                       .00000     (Insuf)    .00000     .00000     .00000    
Resource 2.NumberScheduled                  .00000     (Insuf)    .00000     .00000     .00000    
Resource 2.Utilization                      .00000     (Insuf)    .00000     .00000     .00000    
Resource 1.NumberBusy                       .00000     (Insuf)    .00000     .00000     .00000    
Resource 1.NumberScheduled                  .00000     (Insuf)    .00000     .00000     .00000    
Resource 1.Utilization                      .00000     (Insuf)    .00000     .00000     .00000    
Resource 4.NumberBusy                       .00000     (Insuf)    .00000     .00000     .00000    
Resource 4.NumberScheduled                  .00000     (Insuf)    .00000     .00000     .00000    
Resource 4.Utilization                      .00000     (Insuf)    .00000     .00000     .00000    
Station3.Queue.NumberInQueue                .00000     (Insuf)    .00000     .00000     .00000    
Station2.Queue.NumberInQueue                .00000     (Insuf)    .00000     .00000     .00000    
Station1.Queue.NumberInQueue                .00000     (Insuf)    .00000     .00000     .00000    
Station4.Queue.NumberInQueue                .00000     (Insuf)    .00000     .00000     .00000    

                                             OUTPUTS

Identifier                                   Value
_____________________________________________________________

Entity 1.NumberIn                           .00000    
Entity 1.NumberOut                          .00000    
Resource 3.NumberSeized                     .00000    
Resource 3.ScheduledUtilization             .00000    
Resource 2.NumberSeized                     .00000    
Resource 2.ScheduledUtilization             .00000    
Resource 1.NumberSeized                     .00000    
Resource 1.ScheduledUtilization             .00000    
Resource 4.NumberSeized                     .00000    
Resource 4.ScheduledUtilization             .00000    
System.NumberOut                            70.000    

